2024-07-25T03:17:25.497Z : [32minfo[39m: app is running :: listening at 5000
2024-07-25T03:17:27.446Z : [32minfo[39m: connected to mongo db
2024-07-25T03:23:03.156Z : [32minfo[39m: app is running :: listening at 5000
2024-07-25T03:23:05.155Z : [32minfo[39m: connected to mongo db
2024-07-25T03:23:29.504Z : [32minfo[39m: app is running :: listening at 5000
2024-07-25T03:23:31.385Z : [32minfo[39m: connected to mongo db
2024-07-25T03:23:40.371Z : [32minfo[39m: app is running :: listening at 5000
2024-07-25T03:23:42.238Z : [32minfo[39m: connected to mongo db
2024-07-25T03:25:10.963Z : [32minfo[39m: app is running :: listening at 5000
2024-07-25T03:25:12.992Z : [32minfo[39m: connected to mongo db
2024-07-25T03:26:14.922Z : [32minfo[39m: app is running :: listening at 5000
2024-07-25T03:26:16.870Z : [32minfo[39m: connected to mongo db
2024-07-25T03:27:04.311Z : [32minfo[39m: searching for cache key moderators:night
2024-07-25T03:27:04.312Z : [31merror[39m: Error :: The client is closed
2024-07-25T03:29:15.165Z : [32minfo[39m: app is running :: listening at 5000
2024-07-25T03:29:17.347Z : [32minfo[39m: app is running :: listening at 5000
2024-07-25T03:29:19.262Z : [32minfo[39m: connected to mongo db
2024-07-25T03:29:54.389Z : [32minfo[39m: app is running :: listening at 5000
2024-07-25T03:29:56.270Z : [32minfo[39m: connected to mongo db
2024-07-25T03:30:04.984Z : [32minfo[39m: app is running :: listening at 5000
2024-07-25T03:30:06.890Z : [32minfo[39m: connected to mongo db
2024-07-25T03:30:14.330Z : [32minfo[39m: app is running :: listening at 5000
2024-07-25T03:30:16.201Z : [32minfo[39m: connected to mongo db
2024-07-25T03:30:23.153Z : [32minfo[39m: app is running :: listening at 5000
2024-07-25T03:30:24.555Z : [32minfo[39m: app is running :: listening at 5000
2024-07-25T03:30:27.440Z : [32minfo[39m: app is running :: listening at 5000
2024-07-25T03:30:29.605Z : [32minfo[39m: app is running :: listening at 5000
2024-07-25T03:30:31.592Z : [32minfo[39m: connected to mongo db
2024-07-25T03:30:35.661Z : [32minfo[39m: app is running :: listening at 5000
2024-07-25T03:30:36.749Z : [32minfo[39m: app is running :: listening at 5000
2024-07-25T03:30:38.619Z : [32minfo[39m: connected to mongo db
2024-07-25T03:30:44.247Z : [32minfo[39m: app is running :: listening at 5000
2024-07-25T03:30:46.215Z : [32minfo[39m: connected to mongo db
2024-07-25T03:30:48.270Z : [32minfo[39m: app is running :: listening at 5000
2024-07-25T03:30:50.167Z : [32minfo[39m: connected to mongo db
2024-07-25T03:30:56.206Z : [32minfo[39m: app is running :: listening at 5000
2024-07-25T03:30:58.177Z : [32minfo[39m: connected to mongo db
2024-07-25T03:31:01.418Z : [32minfo[39m: searching for cache key moderators:night
2024-07-25T03:31:01.419Z : [31merror[39m: Error :: The client is closed
2024-07-25T03:31:18.944Z : [32minfo[39m: app is running :: listening at 5000
2024-07-25T03:31:20.883Z : [32minfo[39m: connected to mongo db
2024-07-25T03:31:41.360Z : [32minfo[39m: searching for cache key moderators:night
2024-07-25T03:31:41.364Z : [31merror[39m: Error :: The client is closed
2024-07-25T03:34:20.356Z : [32minfo[39m: app is running :: listening at 5000
2024-07-25T03:34:22.418Z : [32minfo[39m: connected to mongo db
2024-07-25T03:34:28.482Z : [32minfo[39m: searching for cache key moderators:night
2024-07-25T03:34:28.680Z : [32minfo[39m: Cache miss for moderators
2024-07-25T03:34:28.682Z : [31merror[39m: Error :: current_shift is not defined
2024-07-25T03:35:16.035Z : [32minfo[39m: app is running :: listening at 5000
2024-07-25T03:35:18.042Z : [32minfo[39m: connected to mongo db
2024-07-25T03:35:20.670Z : [32minfo[39m: app is running :: listening at 5000
2024-07-25T03:35:22.686Z : [32minfo[39m: connected to mongo db
2024-07-25T03:35:32.162Z : [32minfo[39m: searching for cache key moderators:night
2024-07-25T03:35:32.360Z : [32minfo[39m: Cache miss for moderators
2024-07-25T03:36:48.075Z : [32minfo[39m: searching for cache key moderators:night
2024-07-25T03:36:48.272Z : [32minfo[39m: Cache miss for moderators
2024-07-25T03:39:45.441Z : [32minfo[39m: app is running :: listening at 5000
2024-07-25T03:39:47.475Z : [32minfo[39m: connected to mongo db
2024-07-25T03:39:57.634Z : [32minfo[39m: app is running :: listening at 5000
2024-07-25T03:39:59.606Z : [32minfo[39m: connected to mongo db
2024-07-25T03:40:07.528Z : [32minfo[39m: app is running :: listening at 5000
2024-07-25T03:40:09.561Z : [32minfo[39m: connected to mongo db
2024-07-25T03:40:18.347Z : [32minfo[39m: app is running :: listening at 5000
2024-07-25T03:40:20.288Z : [32minfo[39m: connected to mongo db
2024-07-25T03:40:21.952Z : [32minfo[39m: app is running :: listening at 5000
2024-07-25T03:40:23.907Z : [32minfo[39m: connected to mongo db
2024-07-25T03:41:07.494Z : [32minfo[39m: app is running :: listening at 5000
2024-07-25T03:41:09.627Z : [32minfo[39m: connected to mongo db
2024-07-25T03:42:27.935Z : [32minfo[39m: app is running :: listening at 5000
2024-07-25T03:42:30.186Z : [32minfo[39m: app is running :: listening at 5000
2024-07-25T03:42:32.160Z : [32minfo[39m: connected to mongo db
2024-07-25T03:42:36.134Z : [32minfo[39m: searching for cache key moderators:night
2024-07-25T03:42:36.332Z : [32minfo[39m: Cache miss for moderators
2024-07-25T03:45:11.366Z : [32minfo[39m: searching for cache key moderators:night
2024-07-25T03:45:11.562Z : [32minfo[39m: Cache miss for moderators
2024-07-25T03:45:50.568Z : [32minfo[39m: searching for cache key moderators:night
2024-07-25T03:45:50.765Z : [32minfo[39m: Cache miss for moderators
2024-07-25T03:46:06.302Z : [32minfo[39m: app is running :: listening at 5000
2024-07-25T03:46:08.357Z : [32minfo[39m: connected to mongo db
2024-07-25T03:47:08.384Z : [32minfo[39m: searching for cache key moderators:night
2024-07-25T03:47:08.582Z : [32minfo[39m: Cache miss for moderators
2024-07-25T03:47:08.784Z : [31merror[39m: Error :: client is not defined
2024-07-25T03:48:00.197Z : [32minfo[39m: app is running :: listening at 5000
2024-07-25T03:48:02.253Z : [32minfo[39m: connected to mongo db
2024-07-25T03:48:04.979Z : [32minfo[39m: app is running :: listening at 5000
2024-07-25T03:48:06.946Z : [32minfo[39m: connected to mongo db
2024-07-25T03:48:18.842Z : [32minfo[39m: app is running :: listening at 5000
2024-07-25T03:48:20.447Z : [32minfo[39m: app is running :: listening at 5000
2024-07-25T03:48:22.428Z : [32minfo[39m: connected to mongo db
2024-07-25T03:48:24.450Z : [32minfo[39m: app is running :: listening at 5000
2024-07-25T03:48:26.421Z : [32minfo[39m: connected to mongo db
2024-07-25T03:48:29.700Z : [32minfo[39m: app is running :: listening at 5000
2024-07-25T03:48:31.074Z : [32minfo[39m: app is running :: listening at 5000
2024-07-25T03:48:33.062Z : [32minfo[39m: connected to mongo db
2024-07-25T03:48:43.509Z : [32minfo[39m: searching for cache key moderators:night
2024-07-25T03:48:43.707Z : [32minfo[39m: Cache miss for moderators
2024-07-25T03:48:52.936Z : [32minfo[39m: searching for cache key moderators:night
2024-07-25T03:48:53.133Z : [32minfo[39m: Cache hit for moderators
2024-07-25T03:54:19.429Z : [32minfo[39m: app is running :: listening at 5000
2024-07-25T03:54:20.766Z : [32minfo[39m: app is running :: listening at 5000
2024-07-25T03:54:22.811Z : [32minfo[39m: connected to mongo db
2024-07-25T03:54:25.394Z : [32minfo[39m: app is running :: listening at 5000
2024-07-25T03:54:26.882Z : [32minfo[39m: app is running :: listening at 5000
2024-07-25T03:54:28.851Z : [32minfo[39m: connected to mongo db
2024-07-25T03:54:34.714Z : [32minfo[39m: app is running :: listening at 5000
2024-07-25T03:54:36.721Z : [32minfo[39m: connected to mongo db
2024-07-25T03:54:39.759Z : [32minfo[39m: app is running :: listening at 5000
2024-07-25T03:54:41.798Z : [32minfo[39m: connected to mongo db
2024-07-25T03:54:52.941Z : [32minfo[39m: app is running :: listening at 5000
2024-07-25T03:54:55.150Z : [32minfo[39m: app is running :: listening at 5000
2024-07-25T03:54:57.138Z : [32minfo[39m: connected to mongo db
2024-07-25T03:54:59.252Z : [32minfo[39m: app is running :: listening at 5000
2024-07-25T03:55:01.229Z : [32minfo[39m: connected to mongo db
2024-07-25T03:55:05.968Z : [32minfo[39m: app is running :: listening at 5000
2024-07-25T03:55:07.946Z : [32minfo[39m: connected to mongo db
2024-07-25T03:55:50.142Z : [32minfo[39m: app is running :: listening at 5000
2024-07-25T03:55:52.310Z : [32minfo[39m: connected to mongo db
2024-07-25T03:57:09.370Z : [32minfo[39m: app is running :: listening at 5000
2024-07-25T03:57:10.389Z : [32minfo[39m: app is running :: listening at 5000
2024-07-25T03:57:12.398Z : [32minfo[39m: connected to mongo db
2024-07-25T03:57:16.133Z : [32minfo[39m: app is running :: listening at 5000
2024-07-25T03:57:18.114Z : [32minfo[39m: connected to mongo db
2024-07-25T03:57:22.413Z : [32minfo[39m: app is running :: listening at 5000
2024-07-25T03:57:23.481Z : [32minfo[39m: app is running :: listening at 5000
2024-07-25T03:57:25.442Z : [32minfo[39m: connected to mongo db
2024-07-25T03:58:18.624Z : [32minfo[39m: app is running :: listening at 5000
2024-07-25T03:58:20.715Z : [32minfo[39m: connected to mongo db
2024-07-25T03:58:22.207Z : [32minfo[39m: app is running :: listening at 5000
2024-07-25T03:58:24.179Z : [32minfo[39m: connected to mongo db
2024-07-25T03:58:32.042Z : [32minfo[39m: app is running :: listening at 5000
2024-07-25T03:58:34.026Z : [32minfo[39m: connected to mongo db
2024-07-25T03:58:36.785Z : [32minfo[39m: app is running :: listening at 5000
2024-07-25T03:58:38.863Z : [32minfo[39m: connected to mongo db
2024-07-25T03:58:40.230Z : [32minfo[39m: app is running :: listening at 5000
2024-07-25T03:58:42.186Z : [32minfo[39m: connected to mongo db
2024-07-25T03:58:45.783Z : [32minfo[39m: app is running :: listening at 5000
2024-07-25T03:58:47.757Z : [32minfo[39m: connected to mongo db
2024-07-25T03:59:18.200Z : [32minfo[39m: app is running :: listening at 5000
2024-07-25T03:59:19.473Z : [32minfo[39m: app is running :: listening at 5000
2024-07-25T03:59:21.579Z : [32minfo[39m: connected to mongo db
2024-07-25T04:00:19.132Z : [32minfo[39m: app is running :: listening at 5000
2024-07-25T04:00:21.248Z : [32minfo[39m: connected to mongo db
2024-07-25T04:02:49.444Z : [32minfo[39m: app is running :: listening at 5000
2024-07-25T04:02:51.581Z : [32minfo[39m: connected to mongo db
2024-07-25T04:04:07.596Z : [32minfo[39m: app is running :: listening at 5000
2024-07-25T04:04:09.719Z : [32minfo[39m: connected to mongo db
2024-07-25T04:08:45.604Z : [32minfo[39m: inside change strategy function
2024-07-25T04:08:52.688Z : [32minfo[39m: searching for cache key moderators:night
2024-07-25T04:08:52.886Z : [32minfo[39m: Cache hit for moderators
2024-07-25T04:09:15.052Z : [32minfo[39m: app is running :: listening at 5000
2024-07-25T04:09:17.887Z : [32minfo[39m: app is running :: listening at 5000
2024-07-25T04:09:19.881Z : [32minfo[39m: connected to mongo db
2024-07-25T04:09:27.990Z : [32minfo[39m: app is running :: listening at 5000
2024-07-25T04:09:30.086Z : [32minfo[39m: connected to mongo db
2024-07-25T04:09:46.359Z : [32minfo[39m: app is running :: listening at 5000
2024-07-25T04:09:48.336Z : [32minfo[39m: connected to mongo db
2024-07-25T04:09:55.156Z : [32minfo[39m: app is running :: listening at 5000
2024-07-25T04:09:57.134Z : [32minfo[39m: connected to mongo db
2024-07-25T04:10:14.268Z : [32minfo[39m: app is running :: listening at 5000
2024-07-25T04:10:16.250Z : [32minfo[39m: connected to mongo db
2024-07-25T04:10:26.885Z : [32minfo[39m: app is running :: listening at 5000
2024-07-25T04:10:28.877Z : [32minfo[39m: connected to mongo db
2024-07-25T04:10:37.631Z : [32minfo[39m: app is running :: listening at 5000
2024-07-25T04:10:39.610Z : [32minfo[39m: connected to mongo db
2024-07-25T04:10:41.387Z : [32minfo[39m: app is running :: listening at 5000
2024-07-25T04:10:43.374Z : [32minfo[39m: connected to mongo db
2024-07-25T04:10:45.106Z : [32minfo[39m: app is running :: listening at 5000
2024-07-25T04:10:47.083Z : [32minfo[39m: connected to mongo db
2024-07-25T04:10:50.479Z : [32minfo[39m: app is running :: listening at 5000
2024-07-25T04:10:52.460Z : [32minfo[39m: connected to mongo db
2024-07-25T04:10:53.825Z : [32minfo[39m: app is running :: listening at 5000
2024-07-25T04:10:56.146Z : [32minfo[39m: app is running :: listening at 5000
2024-07-25T04:10:58.124Z : [32minfo[39m: connected to mongo db
2024-07-25T04:10:59.318Z : [32minfo[39m: app is running :: listening at 5000
2024-07-25T04:11:01.327Z : [32minfo[39m: connected to mongo db
2024-07-25T04:11:05.480Z : [32minfo[39m: searching for cache key moderators:night
2024-07-25T04:11:05.677Z : [32minfo[39m: Cache hit for moderators
2024-07-25T04:11:05.876Z : [32minfo[39m: currentIndex is ${currentIndex} in redis
2024-07-25T04:11:05.876Z : [32minfo[39m: adding currentIndex ${currentIndex} in redis
2024-07-25T04:11:16.951Z : [32minfo[39m: app is running :: listening at 5000
2024-07-25T04:11:18.944Z : [32minfo[39m: connected to mongo db
2024-07-25T04:11:24.281Z : [32minfo[39m: app is running :: listening at 5000
2024-07-25T04:11:26.266Z : [32minfo[39m: connected to mongo db
2024-07-25T04:11:34.291Z : [32minfo[39m: searching for cache key moderators:night
2024-07-25T04:11:34.489Z : [32minfo[39m: Cache hit for moderators
2024-07-25T04:11:34.687Z : [32minfo[39m: currentIndex is 2 in redis
2024-07-25T04:11:34.688Z : [32minfo[39m: adding currentIndex 0 in redis
2024-07-25T04:25:18.030Z : [32minfo[39m: app is running :: listening at 5000
2024-07-25T04:25:20.067Z : [32minfo[39m: connected to mongo db
2024-07-25T04:25:22.806Z : [32minfo[39m: app is running :: listening at 5000
2024-07-25T04:25:25.659Z : [32minfo[39m: app is running :: listening at 5000
2024-07-25T04:25:27.674Z : [32minfo[39m: connected to mongo db
2024-07-25T04:25:34.991Z : [32minfo[39m: app is running :: listening at 5000
2024-07-25T04:25:36.976Z : [32minfo[39m: connected to mongo db
2024-07-25T04:25:55.816Z : [32minfo[39m: app is running :: listening at 5000
2024-07-25T04:25:57.816Z : [32minfo[39m: connected to mongo db
2024-07-25T04:26:00.892Z : [32minfo[39m: app is running :: listening at 5000
2024-07-25T04:26:02.896Z : [32minfo[39m: connected to mongo db
2024-07-25T04:29:19.188Z : [32minfo[39m: app is running :: listening at 5000
2024-07-25T04:29:21.179Z : [32minfo[39m: connected to mongo db
2024-07-25T04:36:16.944Z : [32minfo[39m: app is running :: listening at 5000
2024-07-25T04:36:19.025Z : [32minfo[39m: connected to mongo db
2024-07-25T04:36:31.703Z : [32minfo[39m: inside change strategy function
2024-07-25T04:36:37.242Z : [32minfo[39m: searching for cache key moderators:night
2024-07-25T04:36:37.449Z : [32minfo[39m: Cache hit for moderators
2024-07-25T04:38:02.432Z : [32minfo[39m: app is running :: listening at 5000
2024-07-25T04:38:04.353Z : [32minfo[39m: app is running :: listening at 5000
2024-07-25T04:38:06.347Z : [32minfo[39m: connected to mongo db
2024-07-25T04:38:12.106Z : [32minfo[39m: searching for cache key moderators:night
2024-07-25T04:38:12.312Z : [32minfo[39m: Cache hit for moderators
2024-07-25T04:42:05.613Z : [32minfo[39m: app is running :: listening at 5000
2024-07-25T04:42:07.682Z : [32minfo[39m: connected to mongo db
2024-07-25T04:42:13.840Z : [32minfo[39m: app is running :: listening at 5000
2024-07-25T04:42:15.841Z : [32minfo[39m: connected to mongo db
2024-07-25T05:48:33.793Z : [31merror[39m: not connect to mongo db due to MongoParseError: option usecreateindex is not supported
2024-07-25T05:48:39.796Z : [32minfo[39m: mongo db disconnected after tests
2024-07-25T05:49:07.599Z : [32minfo[39m: connected to mongo db :: stage -> development
2024-07-25T05:49:07.816Z : [32minfo[39m: mongo db disconnected after tests
2024-07-25T05:58:37.243Z : [32minfo[39m: connected to mongo db :: stage -> development
2024-07-25T05:58:37.464Z : [32minfo[39m: mongo db disconnected after tests
2024-07-25T06:00:12.005Z : [32minfo[39m: connected to mongo db :: stage -> development
2024-07-25T06:00:12.227Z : [32minfo[39m: mongo db disconnected after tests
2024-07-25T06:00:29.762Z : [32minfo[39m: connected to mongo db :: stage -> development
2024-07-25T06:00:29.770Z : [32minfo[39m: create moderators
2024-07-25T06:00:30.624Z : [31merror[39m: Error :: E11000 duplicate key error collection: test.moderators index: email_1 dup key: { email: "kumarkalu@mail.com" }
2024-07-25T06:00:30.815Z : [32minfo[39m: mongo db disconnected after tests
2024-07-25T06:01:12.121Z : [32minfo[39m: connected to mongo db :: stage -> development
2024-07-25T06:01:12.129Z : [32minfo[39m: create moderators
2024-07-25T06:01:13.007Z : [31merror[39m: Error :: E11000 duplicate key error collection: test.moderators index: email_1 dup key: { email: "kumarkalu@mail.com" }
2024-07-25T06:01:13.185Z : [32minfo[39m: mongo db disconnected after tests
2024-07-25T06:03:35.969Z : [32minfo[39m: connected to mongo db :: stage -> development
2024-07-25T06:03:36.004Z : [32minfo[39m: create moderators
2024-07-25T06:03:36.824Z : [31merror[39m: Error :: E11000 duplicate key error collection: test.moderators index: email_1 dup key: { email: "kumarkalu@mail.com" }
2024-07-25T06:03:37.039Z : [32minfo[39m: mongo db disconnected after tests
2024-07-25T06:04:00.384Z : [32minfo[39m: connected to mongo db :: stage -> development
2024-07-25T06:04:00.408Z : [32minfo[39m: create moderators
2024-07-25T06:04:01.238Z : [31merror[39m: Error :: E11000 duplicate key error collection: test.moderators index: email_1 dup key: { email: "kumarkalu@mail.com" }
2024-07-25T06:04:01.452Z : [32minfo[39m: mongo db disconnected after tests
2024-07-25T06:07:37.458Z : [32minfo[39m: connected to mongo db :: stage -> development
2024-07-25T06:07:37.470Z : [32minfo[39m: create moderators
2024-07-25T06:07:40.013Z : [32minfo[39m: mongo db disconnected after tests
2024-07-25T06:08:27.559Z : [32minfo[39m: connected to mongo db :: stage -> development
2024-07-25T06:08:27.573Z : [32minfo[39m: create moderators
2024-07-25T06:08:29.093Z : [32minfo[39m: mongo db disconnected after tests
2024-07-25T06:08:57.746Z : [32minfo[39m: connected to mongo db :: stage -> development
2024-07-25T06:08:57.754Z : [32minfo[39m: create moderators
2024-07-25T06:08:59.231Z : [32minfo[39m: mongo db disconnected after tests
2024-07-25T06:10:00.743Z : [32minfo[39m: connected to mongo db :: stage -> development
2024-07-25T06:10:00.750Z : [32minfo[39m: create moderators
2024-07-25T06:10:03.478Z : [32minfo[39m: mongo db disconnected after tests
2024-07-25T06:10:15.981Z : [32minfo[39m: connected to mongo db :: stage -> development
2024-07-25T06:10:15.988Z : [32minfo[39m: create moderators
2024-07-25T06:10:18.724Z : [32minfo[39m: mongo db disconnected after tests
2024-07-25T06:15:17.012Z : [32minfo[39m: connected to mongo db :: stage -> development
2024-07-25T06:15:17.020Z : [32minfo[39m: create moderators
2024-07-25T06:15:20.117Z : [32minfo[39m: mongo db disconnected after tests
2024-07-25T06:18:32.049Z : [32minfo[39m: connected to mongo db :: stage -> development
2024-07-25T06:18:32.057Z : [32minfo[39m: create moderators
2024-07-25T06:18:34.897Z : [32minfo[39m: mongo db disconnected after tests
2024-07-25T06:19:14.719Z : [32minfo[39m: connected to mongo db :: stage -> development
2024-07-25T06:19:14.727Z : [32minfo[39m: create moderators
2024-07-25T06:19:18.173Z : [32minfo[39m: mongo db disconnected after tests
2024-07-25T06:20:31.770Z : [32minfo[39m: connected to mongo db :: stage -> development
2024-07-25T06:20:31.778Z : [32minfo[39m: create moderators
2024-07-25T06:20:35.632Z : [32minfo[39m: mongo db disconnected after tests
2024-07-25T06:25:14.980Z : [32minfo[39m: connected to mongo db :: stage -> development
2024-07-25T06:25:14.987Z : [32minfo[39m: create moderators
2024-07-25T06:25:15.857Z : [32minfo[39m: undefined
2024-07-25T06:25:18.818Z : [32minfo[39m: mongo db disconnected after tests
2024-07-25T06:25:28.562Z : [32minfo[39m: connected to mongo db :: stage -> development
2024-07-25T06:25:28.582Z : [32minfo[39m: create moderators
2024-07-25T06:25:29.407Z : [32minfo[39m: undefined
2024-07-25T06:25:31.428Z : [32minfo[39m: mongo db disconnected after tests
2024-07-25T06:25:52.547Z : [32minfo[39m: connected to mongo db :: stage -> development
2024-07-25T06:25:52.558Z : [32minfo[39m: create moderators
2024-07-25T06:25:53.442Z : [32minfo[39m: {"req":{"method":"POST","url":"http://127.0.0.1:37757/moderators","data":{"name":"Nitesh","email":"kumarksaslddu@mail.com","preferred_city":"delhi","preferred_language":"english","departments":["engineering","management","home_science"],"shift_timing":"night"},"headers":{"content-type":"application/json"}},"header":{"x-powered-by":"Express","access-control-allow-origin":"*","content-type":"application/json; charset=utf-8","content-length":"290","etag":"W/\"122-c+Me2QfWjXz42+115aZP7QOlu4c\"","date":"Thu, 25 Jul 2024 06:25:53 GMT","connection":"close"},"status":200,"text":"{\"name\":\"Nitesh\",\"email\":\"kumarksaslddu@mail.com\",\"departments\":[\"engineering\",\"management\",\"home_science\"],\"preferred_language\":\"english\",\"shift_timing\":\"night\",\"performance_score\":0,\"preferred_city\":\"delhi\",\"absent\":false,\"active\":true,\"weight\":0,\"_id\":\"66a1eff060f5e2ac78567b47\",\"__v\":0}"}
2024-07-25T06:25:56.473Z : [32minfo[39m: mongo db disconnected after tests
2024-07-25T06:26:22.689Z : [32minfo[39m: connected to mongo db :: stage -> development
2024-07-25T06:26:22.697Z : [32minfo[39m: create moderators
2024-07-25T06:26:25.349Z : [32minfo[39m: mongo db disconnected after tests
2024-07-25T06:27:15.034Z : [32minfo[39m: connected to mongo db :: stage -> development
2024-07-25T06:27:15.042Z : [32minfo[39m: create moderators
2024-07-25T06:27:15.915Z : [32minfo[39m: undefined
2024-07-25T06:27:18.874Z : [32minfo[39m: mongo db disconnected after tests
2024-07-25T06:27:24.983Z : [32minfo[39m: connected to mongo db :: stage -> development
2024-07-25T06:27:24.996Z : [32minfo[39m: create moderators
2024-07-25T06:27:25.780Z : [32minfo[39m: {"req":{"method":"POST","url":"http://127.0.0.1:39343/moderators","data":{"name":"Nitesh","email":"kumarksaslddu@mail.com","preferred_city":"delhi","preferred_language":"english","departments":["engineering","management","home_science"],"shift_timing":"night"},"headers":{"content-type":"application/json"}},"header":{"x-powered-by":"Express","access-control-allow-origin":"*","content-type":"application/json; charset=utf-8","content-length":"290","etag":"W/\"122-fGZPN1I50Y9OWiVh3Lsnogc4vQ8\"","date":"Thu, 25 Jul 2024 06:27:25 GMT","connection":"close"},"status":200,"text":"{\"name\":\"Nitesh\",\"email\":\"kumarksaslddu@mail.com\",\"departments\":[\"engineering\",\"management\",\"home_science\"],\"preferred_language\":\"english\",\"shift_timing\":\"night\",\"performance_score\":0,\"preferred_city\":\"delhi\",\"absent\":false,\"active\":true,\"weight\":0,\"_id\":\"66a1f04d4c41a87ee7e2d2b5\",\"__v\":0}"}
2024-07-25T06:27:27.737Z : [32minfo[39m: mongo db disconnected after tests
2024-07-25T06:28:25.209Z : [32minfo[39m: connected to mongo db :: stage -> development
2024-07-25T06:28:25.216Z : [32minfo[39m: create moderators
2024-07-25T06:28:27.827Z : [32minfo[39m: mongo db disconnected after tests
2024-07-25T06:28:42.461Z : [32minfo[39m: connected to mongo db :: stage -> development
2024-07-25T06:28:42.468Z : [32minfo[39m: create moderators
2024-07-25T06:28:43.320Z : [32minfo[39m: "{\"name\":\"Nitesh\",\"email\":\"kumarksaslddu@mail.com\",\"departments\":[\"engineering\",\"management\",\"home_science\"],\"preferred_language\":\"english\",\"shift_timing\":\"night\",\"performance_score\":0,\"preferred_city\":\"delhi\",\"absent\":false,\"active\":true,\"weight\":0,\"_id\":\"66a1f09aa1c2c457d8d4b321\",\"__v\":0}"
2024-07-25T06:28:46.311Z : [32minfo[39m: mongo db disconnected after tests
2024-07-25T06:29:04.957Z : [32minfo[39m: connected to mongo db :: stage -> development
2024-07-25T06:29:04.964Z : [32minfo[39m: create moderators
2024-07-25T06:29:05.844Z : [32minfo[39m: {"name":"Nitesh","email":"kumarksaslddu@mail.com","departments":["engineering","management","home_science"],"preferred_language":"english","shift_timing":"night","performance_score":0,"preferred_city":"delhi","absent":false,"active":true,"weight":0,"_id":"66a1f0b0ecff9e7e23331085","__v":0}
2024-07-25T06:29:08.840Z : [32minfo[39m: mongo db disconnected after tests
2024-07-25T06:29:23.153Z : [32minfo[39m: connected to mongo db :: stage -> development
2024-07-25T06:29:23.161Z : [32minfo[39m: create moderators
2024-07-25T06:29:24.034Z : [32minfo[39m: 66a1f0c3a79501f501611c30
2024-07-25T06:29:26.991Z : [32minfo[39m: mongo db disconnected after tests
2024-07-25T06:31:15.694Z : [32minfo[39m: connected to mongo db :: stage -> development
2024-07-25T06:31:15.706Z : [32minfo[39m: create moderators
2024-07-25T06:31:19.518Z : [32minfo[39m: mongo db disconnected after tests
2024-07-25T06:35:49.478Z : [32minfo[39m: connected to mongo db :: stage -> development
2024-07-25T06:35:49.487Z : [32minfo[39m: create moderators
2024-07-25T06:35:53.348Z : [32minfo[39m: mongo db disconnected after tests
2024-07-25T06:36:20.851Z : [32minfo[39m: connected to mongo db :: stage -> development
2024-07-25T06:36:20.858Z : [32minfo[39m: create moderators
2024-07-25T06:36:27.659Z : [32minfo[39m: mongo db disconnected after tests
2024-07-25T06:36:56.936Z : [32minfo[39m: connected to mongo db :: stage -> development
2024-07-25T06:36:56.943Z : [32minfo[39m: create moderators
2024-07-25T06:37:00.612Z : [32minfo[39m: mongo db disconnected after tests
2024-07-25T06:39:14.073Z : [32minfo[39m: connected to mongo db :: stage -> development
2024-07-25T06:39:14.081Z : [32minfo[39m: create moderators
2024-07-25T06:39:18.501Z : [32minfo[39m: mongo db disconnected after tests
2024-07-25T06:41:41.406Z : [32minfo[39m: connected to mongo db :: stage -> development
2024-07-25T06:41:41.413Z : [32minfo[39m: create moderators
2024-07-25T06:41:45.623Z : [32minfo[39m: searching for cache key moderators:day
2024-07-25T06:41:45.814Z : [32minfo[39m: Cache miss for moderators
2024-07-25T06:41:46.199Z : [32minfo[39m: currentIndex is 0 in redis
2024-07-25T06:41:46.200Z : [32minfo[39m: adding currentIndex 1 in redis
2024-07-25T06:41:47.393Z : [32minfo[39m: mongo db disconnected after tests
2024-07-25T06:42:52.554Z : [32minfo[39m: connected to mongo db :: stage -> development
2024-07-25T06:42:52.562Z : [32minfo[39m: create moderators
2024-07-25T06:42:56.949Z : [32minfo[39m: searching for cache key moderators:day
2024-07-25T06:42:57.141Z : [32minfo[39m: Cache hit for moderators
2024-07-25T06:42:57.333Z : [32minfo[39m: currentIndex is 1 in redis
2024-07-25T06:42:57.334Z : [32minfo[39m: adding currentIndex 0 in redis
2024-07-25T06:42:57.724Z : [32minfo[39m: 66a1f3a7fd3f000d47c1ef77
2024-07-25T06:42:58.521Z : [32minfo[39m: mongo db disconnected after tests
2024-07-25T06:50:46.016Z : [32minfo[39m: connected to mongo db :: stage -> development
2024-07-25T06:50:46.023Z : [32minfo[39m: create moderators
2024-07-25T06:50:50.204Z : [32minfo[39m: searching for cache key moderators:day
2024-07-25T06:50:50.396Z : [32minfo[39m: Cache hit for moderators
2024-07-25T06:50:50.588Z : [32minfo[39m: currentIndex is 0 in redis
2024-07-25T06:50:50.588Z : [32minfo[39m: adding currentIndex 1 in redis
2024-07-25T06:50:51.588Z : [32minfo[39m: searching for cache key moderators:day
2024-07-25T06:50:51.784Z : [32minfo[39m: Cache hit for moderators
2024-07-25T06:50:51.981Z : [32minfo[39m: currentIndex is 1 in redis
2024-07-25T06:50:51.981Z : [32minfo[39m: adding currentIndex 0 in redis
2024-07-25T06:50:54.024Z : [32minfo[39m: mongo db disconnected after tests
2024-07-25T06:51:08.469Z : [32minfo[39m: connected to mongo db :: stage -> development
2024-07-25T06:51:08.476Z : [32minfo[39m: create moderators
2024-07-25T06:51:12.692Z : [32minfo[39m: searching for cache key moderators:day
2024-07-25T06:51:12.883Z : [32minfo[39m: Cache miss for moderators
2024-07-25T06:51:13.277Z : [32minfo[39m: currentIndex is null in redis
2024-07-25T06:51:13.277Z : [32minfo[39m: adding currentIndex 1 in redis
2024-07-25T06:51:14.272Z : [32minfo[39m: searching for cache key moderators:day
2024-07-25T06:51:14.469Z : [32minfo[39m: Cache hit for moderators
2024-07-25T06:51:14.665Z : [32minfo[39m: currentIndex is 1 in redis
2024-07-25T06:51:14.666Z : [32minfo[39m: adding currentIndex 0 in redis
2024-07-25T06:51:16.692Z : [32minfo[39m: mongo db disconnected after tests
2024-07-25T06:52:50.622Z : [32minfo[39m: connected to mongo db :: stage -> development
2024-07-25T06:52:50.629Z : [32minfo[39m: create moderators
2024-07-25T06:52:54.825Z : [32minfo[39m: searching for cache key moderators:day
2024-07-25T06:52:55.017Z : [32minfo[39m: Cache miss for moderators
2024-07-25T06:52:55.410Z : [32minfo[39m: currentIndex is null in redis
2024-07-25T06:52:55.410Z : [32minfo[39m: adding currentIndex 1 in redis
2024-07-25T06:52:56.406Z : [32minfo[39m: searching for cache key moderators:day
2024-07-25T06:52:56.602Z : [32minfo[39m: Cache hit for moderators
2024-07-25T06:52:56.799Z : [32minfo[39m: currentIndex is 1 in redis
2024-07-25T06:52:56.799Z : [32minfo[39m: adding currentIndex 0 in redis
2024-07-25T06:52:58.887Z : [32minfo[39m: mongo db disconnected after tests
2024-07-25T06:53:17.176Z : [32minfo[39m: connected to mongo db :: stage -> development
2024-07-25T06:53:17.184Z : [32minfo[39m: create moderators
2024-07-25T06:53:21.390Z : [32minfo[39m: searching for cache key moderators:day
2024-07-25T06:53:21.582Z : [32minfo[39m: Cache miss for moderators
2024-07-25T06:53:21.975Z : [32minfo[39m: currentIndex is null in redis
2024-07-25T06:53:21.976Z : [32minfo[39m: adding currentIndex 1 in redis
2024-07-25T06:53:22.974Z : [32minfo[39m: searching for cache key moderators:day
2024-07-25T06:53:23.170Z : [32minfo[39m: Cache hit for moderators
2024-07-25T06:53:23.367Z : [32minfo[39m: currentIndex is 1 in redis
2024-07-25T06:53:23.367Z : [32minfo[39m: adding currentIndex 0 in redis
2024-07-25T06:53:25.397Z : [32minfo[39m: mongo db disconnected after tests
